<?xml version="1.0" encoding="UTF-8"?>
<testng-results skipped="0" failed="0" ignored="0" total="0" passed="0">
  <reporter-output>
  </reporter-output>
  <suite name="Default suite" duration-ms="7" started-at="2020-09-05T11:40:55 CEST" finished-at="2020-09-05T11:40:55 CEST">
    <groups>
    </groups>
    <test name="Default test" duration-ms="7" started-at="2020-09-05T11:40:55 CEST" finished-at="2020-09-05T11:40:55 CEST">
    </test> <!-- Default test -->
  </suite> <!-- Default suite -->
</testng-results>
